<?xml version="1.0" encoding="UTF-8"?>
<robot generator="Robot 6.0.2 (Python 3.11.1 on win32)" generated="20230319 17:14:40.896" rpa="false" schemaversion="3">
<suite id="s1" name="Deplace Evenment Semaine Valides" source="c:\Users\ronny\Déplacer_un_évènement_en_mode_mois\Script\deplace_evenment_semaine_valides.robot">
<kw name="Open browser login and preconditions for nominal" library="Keywords" type="SETUP">
<kw name="Login" library="Keywords">
<arg>${vURL}</arg>
<arg>${vBrowser}</arg>
<arg>${vUsername}</arg>
<arg>${vPassword}</arg>
<kw name="Set Selenium Timeout" library="Selenium2Library">
<arg>${TIMEOUT}</arg>
<doc>Sets the timeout that is used by various keywords.</doc>
<status status="PASS" starttime="20230319 17:14:41.121" endtime="20230319 17:14:41.122"/>
</kw>
<kw name="Open Browser" library="Selenium2Library">
<arg>${vURL}</arg>
<arg>${vBrowser}</arg>
<doc>Opens a new browser instance to the given ``url``.</doc>
<msg timestamp="20230319 17:14:41.122" level="INFO">Opening browser 'chrome' to base url 'http://localhost:8087/share/page'.</msg>
<status status="PASS" starttime="20230319 17:14:41.122" endtime="20230319 17:14:47.793"/>
</kw>
<kw name="Maximize Browser Window" library="Selenium2Library">
<doc>Maximizes current browser window.</doc>
<status status="PASS" starttime="20230319 17:14:47.793" endtime="20230319 17:14:47.912"/>
</kw>
<kw name="Input Text" library="Selenium2Library">
<arg>${txt_UserName}</arg>
<arg>${vUsername}</arg>
<doc>Types the given ``text`` into text field identified by ``locator``.</doc>
<msg timestamp="20230319 17:14:47.913" level="INFO">Typing text '1670279' into text field 'name=username'.</msg>
<status status="PASS" starttime="20230319 17:14:47.912" endtime="20230319 17:14:47.965"/>
</kw>
<kw name="Input Text" library="Selenium2Library">
<arg>${txt_Password}</arg>
<arg>${vPassword}</arg>
<doc>Types the given ``text`` into text field identified by ``locator``.</doc>
<msg timestamp="20230319 17:14:47.965" level="INFO">Typing text '12345678' into text field 'name=password'.</msg>
<status status="PASS" starttime="20230319 17:14:47.965" endtime="20230319 17:14:48.031"/>
</kw>
<kw name="Click Button" library="Selenium2Library">
<arg>${btn_Login}</arg>
<doc>Clicks button identified by ``locator``.</doc>
<msg timestamp="20230319 17:14:48.032" level="INFO">Clicking button 'xpath=//button[contains(text(), 'Connexion')]'.</msg>
<status status="PASS" starttime="20230319 17:14:48.031" endtime="20230319 17:14:52.389"/>
</kw>
<kw name="Wait Until Element Is Visible" library="Selenium2Library">
<arg>${link_HeaderUserMenu}</arg>
<doc>Waits until element ``locator`` is visible.</doc>
<status status="PASS" starttime="20230319 17:14:52.389" endtime="20230319 17:14:52.409"/>
</kw>
<status status="PASS" starttime="20230319 17:14:41.121" endtime="20230319 17:14:52.409"/>
</kw>
<status status="PASS" starttime="20230319 17:14:41.119" endtime="20230319 17:14:52.409"/>
</kw>
<test id="s1-t1" name="cas3" line="26">
<kw name="Créer un evenement et le deplacer par mois" library="Keywords">
<arg>Test2</arg>
<arg>AUlit</arg>
<arg>Test#3</arg>
<arg>1520</arg>
<arg>2233</arg>
<arg>abc123</arg>
<kw name="Click Element" library="Selenium2Library">
<arg>${lnk_Accueil}</arg>
<doc>Click element identified by ``locator``.</doc>
<msg timestamp="20230319 17:14:52.411" level="INFO">Clicking element 'xpath=//*[@id='HEADER_HOME_text']/a'.</msg>
<status status="PASS" starttime="20230319 17:14:52.410" endtime="20230319 17:14:52.975"/>
</kw>
<kw name="Wait Until Element Is Visible" library="Selenium2Library">
<arg>${lnk_SiteCreer}</arg>
<doc>Waits until element ``locator`` is visible.</doc>
<status status="PASS" starttime="20230319 17:14:52.975" endtime="20230319 17:14:52.995"/>
</kw>
<kw name="Click Element" library="Selenium2Library">
<arg>${lnk_SiteCreer}</arg>
<doc>Click element identified by ``locator``.</doc>
<msg timestamp="20230319 17:14:52.995" level="INFO">Clicking element '//a[@class='theme-color-1' and text()='Bois de boulogne']'.</msg>
<status status="PASS" starttime="20230319 17:14:52.995" endtime="20230319 17:14:54.156"/>
</kw>
<kw name="Click Element" library="Selenium2Library">
<arg>${lnk_Calendrier}</arg>
<doc>Click element identified by ``locator``.</doc>
<msg timestamp="20230319 17:14:54.157" level="INFO">Clicking element 'xpath=//a[@class='alfresco-navigation-_HtmlAnchorMixin' and text()='Calendrier']'.</msg>
<status status="PASS" starttime="20230319 17:14:54.157" endtime="20230319 17:14:54.848"/>
</kw>
<kw name="Click Element" library="Selenium2Library">
<arg>${lnk_Ajouter_un_Evenement}</arg>
<doc>Click element identified by ``locator``.</doc>
<msg timestamp="20230319 17:14:54.848" level="INFO">Clicking element '//button[@type='button' and text()='Ajouter un événement']'.</msg>
<status status="PASS" starttime="20230319 17:14:54.848" endtime="20230319 17:14:54.897"/>
</kw>
<kw name="Wait Until Element Is Visible" library="Selenium2Library">
<arg>${txt_Quoi}</arg>
<doc>Waits until element ``locator`` is visible.</doc>
<status status="PASS" starttime="20230319 17:14:54.897" endtime="20230319 17:14:55.127"/>
</kw>
<kw name="Input Text" library="Selenium2Library">
<arg>${txt_Quoi}</arg>
<arg>${vQuoi}</arg>
<doc>Types the given ``text`` into text field identified by ``locator``.</doc>
<msg timestamp="20230319 17:14:55.127" level="INFO">Typing text 'Test2' into text field 'xpath=//input[@id='eventEditPanel-title']'.</msg>
<status status="PASS" starttime="20230319 17:14:55.127" endtime="20230319 17:14:55.183"/>
</kw>
<kw name="Input Text" library="Selenium2Library">
<arg>${txt_vOu}</arg>
<arg>${vOu}</arg>
<doc>Types the given ``text`` into text field identified by ``locator``.</doc>
<msg timestamp="20230319 17:14:55.183" level="INFO">Typing text 'AUlit' into text field 'id=eventEditPanel-location'.</msg>
<status status="PASS" starttime="20230319 17:14:55.183" endtime="20230319 17:14:55.259"/>
</kw>
<kw name="Input Text" library="Selenium2Library">
<arg>${txt_vDescription}</arg>
<arg>${vDescription}</arg>
<doc>Types the given ``text`` into text field identified by ``locator``.</doc>
<msg timestamp="20230319 17:14:55.259" level="INFO">Typing text 'Test#3' into text field 'id=eventEditPanel-description'.</msg>
<status status="PASS" starttime="20230319 17:14:55.259" endtime="20230319 17:14:55.334"/>
</kw>
<kw name="Wait Until Element Is Visible" library="Selenium2Library">
<arg>${txt_vTimeDebut}</arg>
<doc>Waits until element ``locator`` is visible.</doc>
<status status="PASS" starttime="20230319 17:14:55.334" endtime="20230319 17:14:55.352"/>
</kw>
<kw name="Input Text" library="Selenium2Library">
<arg>${txt_vTimeDebut}</arg>
<arg>${vTimeDebut}</arg>
<doc>Types the given ``text`` into text field identified by ``locator``.</doc>
<msg timestamp="20230319 17:14:55.353" level="INFO">Typing text '1520' into text field '//input[@name='start']'.</msg>
<status status="PASS" starttime="20230319 17:14:55.352" endtime="20230319 17:14:55.432"/>
</kw>
<kw name="Wait Until Element Is Visible" library="Selenium2Library">
<arg>${txt_vTimeFin}</arg>
<doc>Waits until element ``locator`` is visible.</doc>
<status status="PASS" starttime="20230319 17:14:55.432" endtime="20230319 17:14:55.449"/>
</kw>
<kw name="Input Text" library="Selenium2Library">
<arg>${txt_vTimeFin}</arg>
<arg>${vTimeFin}</arg>
<doc>Types the given ``text`` into text field identified by ``locator``.</doc>
<msg timestamp="20230319 17:14:55.450" level="INFO">Typing text '2233' into text field '//input[@name='end']'.</msg>
<status status="PASS" starttime="20230319 17:14:55.449" endtime="20230319 17:14:55.528"/>
</kw>
<kw name="Wait Until Element Is Visible" library="Selenium2Library">
<arg>${txt_vtag}</arg>
<doc>Waits until element ``locator`` is visible.</doc>
<status status="PASS" starttime="20230319 17:14:55.529" endtime="20230319 17:14:55.567"/>
</kw>
<kw name="Input Text" library="Selenium2Library">
<arg>${txt_vtag}</arg>
<arg>${vtag}</arg>
<doc>Types the given ``text`` into text field identified by ``locator``.</doc>
<msg timestamp="20230319 17:14:55.568" level="INFO">Typing text 'abc123' into text field '//input[@id='eventEditPanel-tag-input-field']'.</msg>
<status status="PASS" starttime="20230319 17:14:55.567" endtime="20230319 17:14:55.646"/>
</kw>
<kw name="Wait Until Element Is Visible" library="Selenium2Library">
<arg>${btn_Ajouter}</arg>
<doc>Waits until element ``locator`` is visible.</doc>
<status status="PASS" starttime="20230319 17:14:55.646" endtime="20230319 17:14:55.666"/>
</kw>
<kw name="Click Element" library="Selenium2Library">
<arg>${btn_Ajouter}</arg>
<doc>Click element identified by ``locator``.</doc>
<msg timestamp="20230319 17:14:55.666" level="INFO">Clicking element '//button[@id='eventEditPanel-add-tag-button-button']'.</msg>
<status status="PASS" starttime="20230319 17:14:55.666" endtime="20230319 17:14:55.699"/>
</kw>
<kw name="Click Element" library="Selenium2Library">
<arg>${btn_Enregistrer}</arg>
<doc>Click element identified by ``locator``.</doc>
<msg timestamp="20230319 17:14:55.699" level="INFO">Clicking element '//button[@id='eventEditPanel-ok-button']'.</msg>
<status status="PASS" starttime="20230319 17:14:55.699" endtime="20230319 17:14:55.741"/>
</kw>
<kw name="Wait Until Element Is Visible" library="Selenium2Library">
<arg>${btn_afficher_evenment}</arg>
<doc>Waits until element ``locator`` is visible.</doc>
<status status="PASS" starttime="20230319 17:14:55.741" endtime="20230319 17:14:55.962"/>
</kw>
<kw name="Drag And Drop" library="Selenium2Library">
<arg>${btn_afficher_evenment}</arg>
<arg>${btn_afficher_evenment2}day12${btn_afficher_evenment3}</arg>
<doc>Drags element identified by ``locator`` into ``target`` element.</doc>
<status status="PASS" starttime="20230319 17:14:55.963" endtime="20230319 17:14:56.508"/>
</kw>
<kw name="Click Element" library="Selenium2Library">
<arg>${btn_Agenda}</arg>
<doc>Click element identified by ``locator``.</doc>
<msg timestamp="20230319 17:14:56.508" level="INFO">Clicking element '//button[text()='Agenda']'.</msg>
<status status="PASS" starttime="20230319 17:14:56.508" endtime="20230319 17:14:56.901"/>
</kw>
<kw name="Mouse Over" library="Selenium2Library">
<arg>${btn_option}</arg>
<doc>Simulates hovering mouse over the element ``locator``.</doc>
<msg timestamp="20230319 17:14:56.901" level="INFO">Simulating Mouse Over on element '//td[@class='yui-dt1-col-actions yui-dt-col-actions yui-dt-last']'.</msg>
<status status="PASS" starttime="20230319 17:14:56.901" endtime="20230319 17:14:57.183"/>
</kw>
<kw name="Wait Until Element Is Visible" library="Selenium2Library">
<arg>${btn_supprimer}</arg>
<doc>Waits until element ``locator`` is visible.</doc>
<status status="PASS" starttime="20230319 17:14:57.183" endtime="20230319 17:14:57.200"/>
</kw>
<kw name="Click Element" library="Selenium2Library">
<arg>${btn_supprimer}</arg>
<doc>Click element identified by ``locator``.</doc>
<msg timestamp="20230319 17:14:57.200" level="INFO">Clicking element '//div/a[@title='Supprimer' and @class='deleteAction']'.</msg>
<status status="PASS" starttime="20230319 17:14:57.200" endtime="20230319 17:14:57.245"/>
</kw>
<kw name="Wait Until Element Is Visible" library="Selenium2Library">
<arg>${alrt_supprimer}</arg>
<doc>Waits until element ``locator`` is visible.</doc>
<status status="PASS" starttime="20230319 17:14:57.245" endtime="20230319 17:14:57.262"/>
</kw>
<kw name="Click Element" library="Selenium2Library">
<arg>${btn_confirmer_supprimer}</arg>
<doc>Click element identified by ``locator``.</doc>
<msg timestamp="20230319 17:14:57.263" level="INFO">Clicking element '//span/span/span/button[text()='Supprimer']'.</msg>
<status status="PASS" starttime="20230319 17:14:57.262" endtime="20230319 17:14:57.297"/>
</kw>
<status status="PASS" starttime="20230319 17:14:52.410" endtime="20230319 17:14:57.298"/>
</kw>
<status status="PASS" starttime="20230319 17:14:52.409" endtime="20230319 17:14:57.298"/>
</test>
<kw name="Logout" library="Keywords" type="TEARDOWN">
<kw name="Wait Until Element Is Visible" library="Selenium2Library">
<arg>${link_HeaderUserMenu}</arg>
<doc>Waits until element ``locator`` is visible.</doc>
<status status="PASS" starttime="20230319 17:14:57.299" endtime="20230319 17:14:57.314"/>
</kw>
<kw name="Click Element" library="Selenium2Library">
<arg>${link_HeaderUserMenu}</arg>
<doc>Click element identified by ``locator``.</doc>
<msg timestamp="20230319 17:14:57.315" level="INFO">Clicking element 'id=HEADER_USER_MENU_POPUP'.</msg>
<status status="PASS" starttime="20230319 17:14:57.314" endtime="20230319 17:14:57.351"/>
</kw>
<kw name="Wait Until Element Is Visible" library="Selenium2Library">
<arg>${link_HeaderDeconnexion}</arg>
<doc>Waits until element ``locator`` is visible.</doc>
<status status="PASS" starttime="20230319 17:14:57.351" endtime="20230319 17:14:57.372"/>
</kw>
<kw name="Click Element" library="Selenium2Library">
<arg>${link_HeaderDeconnexion}</arg>
<doc>Click element identified by ``locator``.</doc>
<msg timestamp="20230319 17:14:57.373" level="INFO">Clicking element 'id=HEADER_USER_MENU_LOGOUT_text'.</msg>
<status status="PASS" starttime="20230319 17:14:57.373" endtime="20230319 17:14:57.411"/>
</kw>
<kw name="Close Browser" library="Selenium2Library">
<doc>Closes the current browser.</doc>
<status status="PASS" starttime="20230319 17:14:57.411" endtime="20230319 17:14:59.575"/>
</kw>
<status status="PASS" starttime="20230319 17:14:57.299" endtime="20230319 17:14:59.575"/>
</kw>
<doc>Test nominal de deplacement d'un evenement en mode Semaine</doc>
<status status="PASS" starttime="20230319 17:14:40.900" endtime="20230319 17:14:59.575"/>
</suite>
<statistics>
<total>
<stat pass="1" fail="0" skip="0">All Tests</stat>
</total>
<tag>
</tag>
<suite>
<stat pass="1" fail="0" skip="0" id="s1" name="Deplace Evenment Semaine Valides">Deplace Evenment Semaine Valides</stat>
</suite>
</statistics>
<errors>
</errors>
</robot>
